Arguments: 
  C:\Program Files\nodejs\node.exe C:\Users\Akasi\AppData\Roaming\npm\node_modules\yarn\bin\yarn.js install --ignore-scripts

PATH: 
  C:\Program Files (x86)\VMware\VMware Player\bin\;C:\Program Files\Microsoft\jdk-17.0.11.9-hotspot\bin;C:\Users\Akasi\AppData\Roaming\nvm;C:\Program Files\nodejs;C:\Program Files\Git\cmd;C:\php8.2;C:\xampp\php8.2;C:\php83;C:\ProgramData\ComposerSetup\bin;C:\Program Files\nodejs\;C:\Windows\System32;C:\Windows;C:\Windows\System32\Wbem;C:\Program Files\dotnet\;C:\Users\Akasi\Downloads\ngrok-v3-stable-windows-amd64;C:\Users\Akasi\Documents\postgresql-17.3-1-windows-x64.exe;C:\Program Files\PostgreSQL\17\bin;C:\Users\Akasi\Music\abctl-v0.24.0-windows-amd64;C:\Program Files\Docker\Docker\resources\bin;C:\Program Files\cursor\resources\app\bin;C:\Users\Akasi\AppData\Local\Programs\Python\Python313\Scripts\;C:\Users\Akasi\AppData\Local\Programs\Python\Python313\;C:\Users\Akasi\AppData\Local\Microsoft\WindowsApps;C:\Users\Akasi\AppData\Roaming\Composer\vendor\bin;C:\Program Files\Java\jdk-11.0.15\bin;C:\Program Files\heroku\bin;C:\Users\Akasi\Bin;C:\Program Files\Azure Data Studio\bin;C:\Program Files\JetBrains\PyCharm Community Edition 2022.2.3\bin;;C:\php8.2;C:\xampp\php8.2;C:\php83;C:\wamp64\bin\mysql\mysql8.0.28\bin;C:\wamp64\bin\php\php8.1.0;C:\laragon\bin\composer;C:\Users\Akasi\AppData\Roaming\nvm;C:\Program Files\nodejs;C:\Users\Akasi\AppData\Roaming\nvm;C:\Users\Akasi\AppData\Local\Programs\Microsoft VS Code\bin;C:\ProgramData\chocolatey\;C:\Program Files\nodejs;C:\Users\Akasi\AppData\Local\Android\Sdk\build-tools;C:\Users\Akasi\AppData\Roaming\npm;C:\Users\Akasi\AppData\Local\Programs\Windsurf\bin;C:\Users\Akasi\AppData\Local\Programs\Antigravity\bin;C:\Users\Akasi\AppData\Local\Pandoc\;C:\Users\Akasi\AppData\Local\Box\Box Edit\

Yarn version: 
  1.22.19

Node version: 
  14.18.0

Platform: 
  win32 x64

Trace: 
  Error: https://registry.yarnpkg.com/core-js/-/core-js-2.6.12.tgz: ESOCKETTIMEDOUT
      at ClientRequest.<anonymous> (C:\Users\Akasi\AppData\Roaming\npm\node_modules\yarn\lib\cli.js:141517:19)
      at Object.onceWrapper (events.js:519:28)
      at ClientRequest.emit (events.js:400:28)
      at TLSSocket.emitRequestTimeout (_http_client.js:790:9)
      at Object.onceWrapper (events.js:519:28)
      at TLSSocket.emit (events.js:412:35)
      at TLSSocket.Socket._onTimeout (net.js:495:8)
      at listOnTimeout (internal/timers.js:557:17)
      at processTimers (internal/timers.js:500:7)

npm manifest: 
  {
      "name": "purple-vue-pro-new",
      "version": "0.1.0",
      "private": true,
      "scripts": {
          "serve": "vue-cli-service serve",
          "build": "vue-cli-service build",
          "lint": "vue-cli-service lint"
      },
      "dependencies": {
          "@flaticon/flaticon-uicons": "^2.1.0",
          "@johmun/vue-tags-input": "^2.1.0",
          "@mdi/font": "^4.5.95",
          "@meforma/vue-toaster": "^1.3.0",
          "@tinymce/tinymce-vue": "^3.2.8",
          "@vue/composition-api": "^1.7.2",
          "@vueup/vue-quill": "^1.2.0",
          "axios": "^1.6.0",
          "bootstrap": "^4.6.2",
          "bootstrap-vue": "^2.0.4",
          "bootstrap-vue-treeview": "^1.0.8",
          "c3": "^0.7.11",
          "chart.js": "^2.9.2",
          "chartist": "^0.11.4",
          "core-js": "^3.33.1",
          "datatables.net": "^1.13.4",
          "datatables.net-bs4": "^1.13.4",
          "datatables.net-buttons-bs4": "^2.3.6",
          "datatables.net-dt": "^1.13.4",
          "date-fns": "^2.30.0",
          "dragula": "^3.7.2",
          "faker": "^4.1.0",
          "fedapay": "^1.1.10",
          "flag-icon-css": "^3.4.5",
          "font-awesome": "^4.7.0",
          "got": "12.0.0",
          "html2canvas": "^1.4.1",
          "html2pdf.js": "0.10.1",
          "install": "^0.13.0",
          "is-online": "^10.0.0",
          "isotope-layout": "^3.0.6",
          "jquery": "^3.7.0",
          "jquery-toast-plugin": "^1.3.2",
          "jspdf": "^2.5.1",
          "jspdf-autotable": "^3.8.1",
          "jszip": "^3.10.1",
          "kkiapay": "^2.0.23",
          "laravel-vue-pagination": "^4.1.1",
          "node-cron": "^3.0.2",
          "number-to-words": "^1.2.4",
          "pdfmake": "^0.2.7",
          "popper.js": "^1.16.1",
          "qrcode": "^1.5.3",
          "select2": "^4.1.0-rc.0",
          "simple-line-icons": "^2.4.1",
          "stackblur-canvas": "^2.6.0",
          "ti-icons": "^0.1.2",
          "to-words": "^3.7.0",
          "v-clipboard": "^2.2.2",
          "vue": "^2.7.15",
          "vue-c3": "^1.2.11",
          "vue-chartist": "^2.2.1",
          "vue-chartjs": "^3.5.0",
          "vue-clipboard2": "^0.3.1",
          "vue-codemirror": "^4.0.6",
          "vue-context": "^5.0.0",
          "vue-datatable": "^1.0.4",
          "vue-form-wizard": "^0.8.4",
          "vue-full-calendar": "^2.7.0",
          "vue-gallery": "^2.0.1",
          "vue-good-wizard": "^1.4.1",
          "vue-google-charts": "^0.3.2",
          "vue-justgage": "^1.0.6",
          "vue-kanban": "^1.6.0-0",
          "vue-recaptcha": "^2.0.3",
          "vue-router": "^3.1.3",
          "vue-runtime-helpers": "^1.1.2",
          "vue-slide-bar": "^1.2.0",
          "vue-slider-component": "^3.0.43",
          "vue-snotify": "^3.2.1",
          "vue-sorted-table": "^1.2.0",
          "vue-star-rating": "^1.6.1",
          "vue-sweetalert2": "^2.1.5",
          "vue-tel-input": "^5.14.2",
          "vue-toastification": "^1.7.14",
          "vue-trix": "github:hanhdt/vue-trix",
          "vue2-ace-editor": "0.0.15",
          "vue2-datepicker": "^3.1.1",
          "vue2-dragula": "^2.5.4",
          "vue2-google-maps": "^0.10.7",
          "vuejs-datatable": "^2.0.0-alpha.7",
          "vuelidate": "^0.7.4",
          "wow.js": "^1.2.2",
          "yarn": "^1.22.21"
      },
      "devDependencies": {
          "@vue/cli-plugin-babel": "^4.0.0",
          "@vue/cli-service": "^4.0.0",
          "compass-mixins": "^0.12.10",
          "css-loader": "^3.2.0",
          "html-loader": "1.3.2",
          "sass": "^1.32.13",
          "sass-loader": "^8.0.0",
          "vue-template-compiler": "^2.7.15",
          "vuetable-2": "^1.7.5"
      },
      "postcss": {
          "plugins": {
              "autoprefixer": {}
          }
      },
      "browserslist": [
          "> 1%",
          "last 2 versions"
      ]
  }

yarn manifest: 
  No manifest

Lockfile: 
  No lockfile
